[JavaFX Application Thread] ERROR bg.tu_varna.sit.group25.ticketcenter.Application.data.access.Connection  -Initial SessionFactory created failorg.hibernate.internal.util.config.ConfigurationException: Could not locate cfg.xml resource [hibernate.cfg.xml]
[JavaFX Application Thread] ERROR org.hibernate.engine.jdbc.spi.SqlExceptionHelper  -Unknown database 'database'
[JavaFX Application Thread] ERROR bg.tu_varna.sit.group25.ticketcenter.Application.data.access.Connection  -Initial SessionFactory created failorg.hibernate.service.spi.ServiceException: Unable to create requested service [org.hibernate.engine.jdbc.env.spi.JdbcEnvironment]
[JavaFX Application Thread] ERROR org.hibernate.engine.jdbc.spi.SqlExceptionHelper  -Unknown database 'database'
[JavaFX Application Thread] ERROR bg.tu_varna.sit.group25.ticketcenter.Application.data.access.Connection  -Initial SessionFactory created failorg.hibernate.service.spi.ServiceException: Unable to create requested service [org.hibernate.engine.jdbc.env.spi.JdbcEnvironment]
[JavaFX Application Thread] ERROR org.hibernate.engine.jdbc.spi.SqlExceptionHelper  -Access denied for user 'root'@'localhost' (using password: NO)
[JavaFX Application Thread] ERROR bg.tu_varna.sit.group25.ticketcenter.Application.data.access.Connection  -Initial SessionFactory created failorg.hibernate.service.spi.ServiceException: Unable to create requested service [org.hibernate.engine.jdbc.env.spi.JdbcEnvironment]
[JavaFX Application Thread] ERROR org.hibernate.engine.jdbc.spi.SqlExceptionHelper  -Communications link failure

The last packet sent successfully to the server was 0 milliseconds ago. The driver has not received any packets from the server.
[JavaFX Application Thread] ERROR bg.tu_varna.sit.group25.ticketcenter.Application.data.access.Connection  -Initial SessionFactory created failorg.hibernate.service.spi.ServiceException: Unable to create requested service [org.hibernate.engine.jdbc.env.spi.JdbcEnvironment]
[JavaFX Application Thread] ERROR org.hibernate.engine.jdbc.spi.SqlExceptionHelper  -Communications link failure

The last packet sent successfully to the server was 0 milliseconds ago. The driver has not received any packets from the server.
[JavaFX Application Thread] ERROR bg.tu_varna.sit.group25.ticketcenter.Application.data.access.Connection  -Initial SessionFactory created failorg.hibernate.service.spi.ServiceException: Unable to create requested service [org.hibernate.engine.jdbc.env.spi.JdbcEnvironment]
[JavaFX Application Thread] ERROR bg.tu_varna.sit.group25.ticketcenter.Application.application.TestApp  -Sorry the main fxm could not be loaded
[JavaFX Application Thread] ERROR bg.tu_varna.sit.group25.ticketcenter.Application.application.TestApp  -Sorry the main fxm could not be loaded
[JavaFX Application Thread] ERROR bg.tu_varna.sit.group25.ticketcenter.Application.application.TestApp  -Sorry the main fxm could not be loaded
[JavaFX Application Thread] ERROR bg.tu_varna.sit.group25.ticketcenter.Application.application.TestApp  -Sorry the main fxm could not be loaded
[JavaFX Application Thread] ERROR bg.tu_varna.sit.group25.ticketcenter.Application.application.TestApp  -Sorry the main fxm could not be loaded
[JavaFX Application Thread] ERROR bg.tu_varna.sit.group25.ticketcenter.Application.application.TestApp  -Sorry the main fxm could not be loaded
[JavaFX Application Thread] ERROR bg.tu_varna.sit.group25.ticketcenter.Application.application.TestApp  -Sorry the main fxm could not be loaded
[JavaFX Application Thread] ERROR bg.tu_varna.sit.group25.ticketcenter.Application.application.TestApp  -Sorry the main fxm could not be loaded
[JavaFX Application Thread] ERROR bg.tu_varna.sit.group25.ticketcenter.Application.application.TestApp  -Sorry the main fxm could not be loaded
[JavaFX Application Thread] ERROR bg.tu_varna.sit.group25.ticketcenter.Application.data.repositories.DistributorRepository  -Get Form error: org.hibernate.InstantiationException: No default constructor for entity:  : bg.tu_varna.sit.group25.ticketcenter.Application.data.entities.Distributor
[JavaFX Application Thread] ERROR bg.tu_varna.sit.group25.ticketcenter.Application.data.repositories.DistributorRepository  -Get Form error: Cannot create TypedQuery for query with more than one return using requested result type [bg.tu_varna.sit.group25.ticketcenter.Application.data.entities.Distributor]
[JavaFX Application Thread] ERROR bg.tu_varna.sit.group25.ticketcenter.Application.data.repositories.DistributorRepository  -Get Form error: Cannot create TypedQuery for query with more than one return using requested result type [bg.tu_varna.sit.group25.ticketcenter.Application.data.entities.Distributor]
[JavaFX Application Thread] ERROR bg.tu_varna.sit.group25.ticketcenter.Application.data.repositories.DistributorRepository  -Get Form error: Cannot create TypedQuery for query with more than one return using requested result type [bg.tu_varna.sit.group25.ticketcenter.Application.data.entities.Distributor]
[JavaFX Application Thread] ERROR bg.tu_varna.sit.group25.ticketcenter.Application.data.repositories.DistributorRepository  -Get Form error: Cannot create TypedQuery for query with more than one return using requested result type [bg.tu_varna.sit.group25.ticketcenter.Application.data.entities.Distributor]
[JavaFX Application Thread] ERROR bg.tu_varna.sit.group25.ticketcenter.Application.data.repositories.DistributorRepository  -Get Form error: Cannot create TypedQuery for query with more than one return using requested result type [bg.tu_varna.sit.group25.ticketcenter.Application.data.entities.Distributor]
[JavaFX Application Thread] ERROR bg.tu_varna.sit.group25.ticketcenter.Application.data.repositories.DistributorRepository  -Get Form error: Cannot create TypedQuery for query with more than one return using requested result type [bg.tu_varna.sit.group25.ticketcenter.Application.data.entities.Distributor]
[JavaFX Application Thread] ERROR bg.tu_varna.sit.group25.ticketcenter.Application.data.repositories.DistributorRepository  -Get Form error: Cannot create TypedQuery for query with more than one return using requested result type [bg.tu_varna.sit.group25.ticketcenter.Application.data.entities.Distributor]
[JavaFX Application Thread] ERROR bg.tu_varna.sit.group25.ticketcenter.Application.data.repositories.DistributorRepository  -Get Form error: Cannot create TypedQuery for query with more than one return using requested result type [bg.tu_varna.sit.group25.ticketcenter.Application.data.entities.Distributor]
[JavaFX Application Thread] ERROR bg.tu_varna.sit.group25.ticketcenter.Application.data.repositories.DistributorRepository  -Get Form error: Cannot create TypedQuery for query with more than one return using requested result type [bg.tu_varna.sit.group25.ticketcenter.Application.data.entities.Distributor]
[JavaFX Application Thread] ERROR bg.tu_varna.sit.group25.ticketcenter.Application.data.repositories.DistributorRepository  -Get Form error: Cannot create TypedQuery for query with more than one return using requested result type [bg.tu_varna.sit.group25.ticketcenter.Application.data.entities.Distributor]
[JavaFX Application Thread] ERROR bg.tu_varna.sit.group25.ticketcenter.Application.data.repositories.DistributorRepository  -Get Form error: Cannot create TypedQuery for query with more than one return using requested result type [bg.tu_varna.sit.group25.ticketcenter.Application.data.entities.Distributor]
[JavaFX Application Thread] ERROR bg.tu_varna.sit.group25.ticketcenter.Application.data.repositories.DistributorRepository  -Get Form error: Cannot create TypedQuery for query with more than one return using requested result type [bg.tu_varna.sit.group25.ticketcenter.Application.data.entities.Distributor]
[JavaFX Application Thread] ERROR bg.tu_varna.sit.group25.ticketcenter.Application.data.repositories.DistributorRepository  -Get Form error: Cannot create TypedQuery for query with more than one return using requested result type [bg.tu_varna.sit.group25.ticketcenter.Application.data.entities.Distributor]
[JavaFX Application Thread] ERROR bg.tu_varna.sit.group25.ticketcenter.Application.data.repositories.DistributorRepository  -Get Form error: Cannot create TypedQuery for query with more than one return using requested result type [bg.tu_varna.sit.group25.ticketcenter.Application.data.entities.Distributor]
[JavaFX Application Thread] ERROR bg.tu_varna.sit.group25.ticketcenter.Application.data.repositories.DistributorRepository  -Get Form error: Cannot create TypedQuery for query with more than one return using requested result type [bg.tu_varna.sit.group25.ticketcenter.Application.data.entities.Distributor]
[JavaFX Application Thread] ERROR bg.tu_varna.sit.group25.ticketcenter.Application.data.repositories.DistributorRepository  -Get Form error: Cannot create TypedQuery for query with more than one return using requested result type [bg.tu_varna.sit.group25.ticketcenter.Application.data.entities.Distributor]
[JavaFX Application Thread] ERROR bg.tu_varna.sit.group25.ticketcenter.Application.data.repositories.DistributorRepository  -Get Distributor error: Cannot create TypedQuery for query with more than one return using requested result type [bg.tu_varna.sit.group25.ticketcenter.Application.data.entities.Distributor]
[JavaFX Application Thread] ERROR bg.tu_varna.sit.group25.ticketcenter.Application.data.repositories.DistributorRepository  -Get Distributor error: org.hibernate.InstantiationException: No default constructor for entity:  : bg.tu_varna.sit.group25.ticketcenter.Application.data.entities.Distributor
[JavaFX Application Thread] ERROR bg.tu_varna.sit.group25.ticketcenter.Application.data.access.Connection  -Initial SessionFactory created failorg.hibernate.AnnotationException: mappedBy reference an unknown target entity property: bg.tu_varna.sit.group25.ticketcenter.Application.data.entities.Show.Distributor_ID in bg.tu_varna.sit.group25.ticketcenter.Application.data.entities.Distributor.showSet
[JavaFX Application Thread] ERROR bg.tu_varna.sit.group25.ticketcenter.Application.data.access.Connection  -Initial SessionFactory created failorg.hibernate.AnnotationException: mappedBy reference an unknown target entity property: bg.tu_varna.sit.group25.ticketcenter.Application.data.entities.Show.Show_Status_ID in bg.tu_varna.sit.group25.ticketcenter.Application.data.entities.Show_Status.showSet
[JavaFX Application Thread] ERROR bg.tu_varna.sit.group25.ticketcenter.Application.data.access.Connection  -Initial SessionFactory created failorg.hibernate.AnnotationException: mappedBy reference an unknown target entity property: bg.tu_varna.sit.group25.ticketcenter.Application.data.entities.Show.Show_Status_ID in bg.tu_varna.sit.group25.ticketcenter.Application.data.entities.Show_Status.showSet
[JavaFX Application Thread] ERROR bg.tu_varna.sit.group25.ticketcenter.Application.data.access.Connection  -Initial SessionFactory created failorg.hibernate.AnnotationException: mappedBy reference an unknown target entity property: bg.tu_varna.sit.group25.ticketcenter.Application.data.entities.Show.Show_Status_ID in bg.tu_varna.sit.group25.ticketcenter.Application.data.entities.Show_Status.showSet
[JavaFX Application Thread] ERROR bg.tu_varna.sit.group25.ticketcenter.Application.data.access.Connection  -Initial SessionFactory created failorg.hibernate.AnnotationException: mappedBy reference an unknown target entity property: bg.tu_varna.sit.group25.ticketcenter.Application.data.entities.Show.Show_Type_ID in bg.tu_varna.sit.group25.ticketcenter.Application.data.entities.Show_Type.showSet
[JavaFX Application Thread] ERROR bg.tu_varna.sit.group25.ticketcenter.Application.data.access.Connection  -Initial SessionFactory created failorg.hibernate.MappingException: Repeated column in mapping for entity: bg.tu_varna.sit.group25.ticketcenter.Application.data.entities.Form column: Customer_ID (should be mapped with insert="false" update="false")
[JavaFX Application Thread] ERROR bg.tu_varna.sit.group25.ticketcenter.Application.data.access.Connection  -Initial SessionFactory created failorg.hibernate.AnnotationException: mappedBy reference an unknown target entity property: bg.tu_varna.sit.group25.ticketcenter.Application.data.entities.Form.Customer_ID in bg.tu_varna.sit.group25.ticketcenter.Application.data.entities.Customer.forms
[JavaFX Application Thread] ERROR bg.tu_varna.sit.group25.ticketcenter.Application.data.access.Connection  -Initial SessionFactory created failorg.hibernate.MappingException: Repeated column in mapping for entity: bg.tu_varna.sit.group25.ticketcenter.Application.data.entities.Form column: Show_ID (should be mapped with insert="false" update="false")
[JavaFX Application Thread] ERROR org.hibernate.engine.jdbc.spi.SqlExceptionHelper  -Communications link failure

The last packet sent successfully to the server was 0 milliseconds ago. The driver has not received any packets from the server.
[JavaFX Application Thread] ERROR bg.tu_varna.sit.group25.ticketcenter.Application.data.access.Connection  -Initial SessionFactory created failorg.hibernate.service.spi.ServiceException: Unable to create requested service [org.hibernate.engine.jdbc.env.spi.JdbcEnvironment]
